{
  "stats": {
    "suites": 2,
    "tests": 3,
    "passes": 3,
    "pending": 0,
    "failures": 0,
    "start": "2021-11-23T01:48:58.344Z",
    "end": "2021-11-23T01:49:16.138Z",
    "duration": 17794,
    "testsRegistered": 3,
    "passPercent": 100,
    "pendingPercent": 0,
    "other": 0,
    "hasOther": false,
    "skipped": 0,
    "hasSkipped": false
  },
  "results": [
    {
      "uuid": "1a6f8f4e-5d69-4ac1-99d2-f8e26613bc15",
      "title": "",
      "fullFile": "",
      "file": "",
      "beforeHooks": [],
      "afterHooks": [],
      "tests": [],
      "suites": [
        {
          "uuid": "a2675002-79d3-4ad0-8577-7f0a3599d466",
          "title": "add todo tests",
          "fullFile": "/Users/daniele/Estudos/webdriverio-selenium-js-workspace/JavaScriptTestAutomationTutorial2021/seleniumDemo/test/firstTest.js",
          "file": "/test/firstTest.js",
          "beforeHooks": [],
          "afterHooks": [],
          "tests": [
            {
              "title": "successfully adds a todo to application",
              "fullTitle": "add todo tests successfully adds a todo to application",
              "timedOut": null,
              "duration": 3409,
              "state": "passed",
              "speed": "slow",
              "pass": true,
              "fail": false,
              "pending": false,
              "context": null,
              "code": "//async function example(){ //no Mocha nao é preciso usar a funçao example() \n        //steps \n        //launch the browser\n        let driver = await new Builder().forBrowser(\"chrome\").build();\n        //navigate to our application\n        await driver.get(\"https://lambdatest.github.io/sample-todo-app/\");\n        //add a todo\n        //o programa ira procurar o id do campo e ira inserir o dado \n        await driver.findElement(By.id(\"sampletodotext\")).sendKeys(\"Learn Selenium\", Key.RETURN);\n        //assert - ira buscar na lista (array) o ultimo item e ira retornar o texto presente nele \n        let todoText = await driver.findElement(By.xpath(\"//li[last()]\")).getText()\n            .then(function (value) {\n                return value\n            });\n        // ** assert using node assertion \n        //ira checar duas strings combinam - recebe dois argumentos: 1 - o valor atual, 2 - valor esperado\n        //o valor atual estara armazenado na variavel todoText\n        //o valor esperado sera a variavel que estamos procurando \"Learn Selenium\"\n        //assert.strictEqual(todoText, \"Learn Selenium\")\n        //ira apresentar um erro, pois o valor atual:\"Learn JavaScript\" é diferente do valor esperado: \"Learn Selenium\" \n        //assert.strictEqual(todoText, \"Learn JavaScript\") // Error\n        // ** assert using chai should \n        //ira checar se o valor atual (todoText) é igual ao valor esperado (\"Learn Selenium\") \n        todoText.should.equal(\"Learn Selenium\");\n        //todoText.should.equal(\"Learn JavaScript\"); //Error\n        //close the browser \n        await driver.quit();\n        //Using locators \n        //example(); //no Mocha nao é preciso usar a funçao example()",
              "err": {},
              "uuid": "877acf09-4ec5-4247-992f-518924175f06",
              "parentUUID": null,
              "isHook": false,
              "skipped": false
            }
          ],
          "suites": [],
          "passes": [
            "877acf09-4ec5-4247-992f-518924175f06"
          ],
          "failures": [],
          "pending": [],
          "skipped": [],
          "duration": 3409,
          "root": false,
          "rootEmpty": false,
          "_timeout": null
        },
        {
          "uuid": "ada96daf-6279-4e68-a4f7-122d91f03f1d",
          "title": "add another todo tests",
          "fullFile": "/Users/daniele/Estudos/webdriverio-selenium-js-workspace/JavaScriptTestAutomationTutorial2021/seleniumDemo/test/secondTest.js",
          "file": "/test/secondTest.js",
          "beforeHooks": [
            {
              "title": "\"before each\" hook in \"add another todo tests\"",
              "fullTitle": "add another todo tests \"before each\" hook in \"add another todo tests\"",
              "timedOut": null,
              "duration": 0,
              "state": null,
              "speed": null,
              "pass": false,
              "fail": false,
              "pending": null,
              "context": null,
              "code": "ltCapabilities.capabilities.name = this.currentTest.title; //ira inserir no titulo do test, para identifica-lo no Cloud\ndriver = new Builder()\n.usingServer(gridUrl)\n.withCapabilities(ltCapabilities.capabilities)\n.build();",
              "err": {},
              "uuid": "fa7bbebc-a626-4c06-b292-95f753c96d33",
              "parentUUID": null,
              "isHook": true,
              "skipped": false
            }
          ],
          "afterHooks": [
            {
              "title": "\"after each\" hook in \"add another todo tests\"",
              "fullTitle": "add another todo tests \"after each\" hook in \"add another todo tests\"",
              "timedOut": null,
              "duration": 584,
              "state": null,
              "speed": null,
              "pass": false,
              "fail": false,
              "pending": null,
              "context": null,
              "code": "//close the browser \nawait driver.quit();",
              "err": {},
              "uuid": "84b7fab8-0ed2-4463-922c-f39126ccdf13",
              "parentUUID": null,
              "isHook": true,
              "skipped": false
            }
          ],
          "tests": [
            {
              "title": "successfully adds a another todo to application",
              "fullTitle": "add another todo tests successfully adds a another todo to application",
              "timedOut": null,
              "duration": 8590,
              "state": "passed",
              "speed": "slow",
              "pass": true,
              "fail": false,
              "pending": false,
              "context": null,
              "code": "//let driver = await new Builder().forBrowser(\"chrome\").build();\n        //navigate to our application\n        await driver.get(\"https://lambdatest.github.io/sample-todo-app/\");\n        //add a todo\n        //o programa ira procurar o id do campo e ira inserir o dado \n        await driver.findElement(By.id(\"sampletodotext\")).sendKeys(\"Learn Selenium\", Key.RETURN);\n        //assert - ira buscar na lista (array) o ultimo item e ira retornar o texto presente nele \n        let todoText = await driver.findElement(By.xpath(\"//li[last()]\")).getText()\n            .then(function (value) {\n                return value\n            });\n        todoText.should.equal(\"Learn Selenium\");\n        //close the browser \n        //await driver.quit();",
              "err": {},
              "uuid": "81844bf4-5ed7-4d02-b62e-bbf0f412aa8f",
              "parentUUID": null,
              "isHook": false,
              "skipped": false
            },
            {
              "title": "Adding a new test for reporting",
              "fullTitle": "add another todo tests Adding a new test for reporting",
              "timedOut": null,
              "duration": 7572,
              "state": "passed",
              "speed": "slow",
              "pass": true,
              "fail": false,
              "pending": false,
              "context": null,
              "code": "//let driver = await new Builder().forBrowser(\"chrome\").build();\n        //navigate to our application\n        await driver.get(\"https://lambdatest.github.io/sample-todo-app/\");\n        //add a todo\n        //o programa ira procurar o id do campo e ira inserir o dado \n        await driver.findElement(By.id(\"sampletodotext\")).sendKeys(\"Learn JavaScript\", Key.RETURN);\n        //assert - ira buscar na lista (array) o ultimo item e ira retornar o texto presente nele \n        let todoText = await driver.findElement(By.xpath(\"//li[last()]\")).getText()\n            .then(function (value) {\n                return value\n            });\n        todoText.should.equal(\"Learn JavaScript\");\n        //close the browser \n        //await driver.quit();",
              "err": {},
              "uuid": "5c4ad43e-477f-43cd-9b25-c57a1ae1e2cd",
              "parentUUID": null,
              "isHook": false,
              "skipped": false
            }
          ],
          "suites": [],
          "passes": [
            "81844bf4-5ed7-4d02-b62e-bbf0f412aa8f",
            "5c4ad43e-477f-43cd-9b25-c57a1ae1e2cd"
          ],
          "failures": [],
          "pending": [],
          "skipped": [],
          "duration": 16162,
          "root": false,
          "rootEmpty": false,
          "_timeout": null
        }
      ],
      "passes": [],
      "failures": [],
      "pending": [],
      "skipped": [],
      "duration": 0,
      "root": true,
      "rootEmpty": true,
      "_timeout": 0
    }
  ],
  "meta": {
    "mocha": {
      "version": "9.1.3"
    },
    "mochawesome": {
      "options": {
        "quiet": false,
        "reportFilename": "mochawesome",
        "saveHtml": true,
        "saveJson": true,
        "consoleReporter": "spec",
        "useInlineDiffs": false,
        "code": true
      },
      "version": "7.0.1"
    },
    "marge": {
      "options": {
        "reportDir": "/Users/daniele/Estudos/webdriverio-selenium-js-workspace/JavaScriptTestAutomationTutorial2021/seleniumDemo/testReports"
      },
      "version": "6.0.1"
    }
  }
}